<?xml version="1.0" encoding="UTF-8"?>
<!-- Generated by org.testng.reporters.JUnitReportReporter -->
<testsuite hostname="QB-CLT-1553" failures="0" tests="1" name="MobileAutomation.AppiumTest.AppiumBasicTest" time="11.192" errors="0" timestamp="2022-12-15T09:42:35 IST" skipped="0">
  <testcase classname="MobileAutomation.AppiumTest.AppiumBasicTest" name="mislanuosTest" time="11.192"/>
  <system-out/>
</testsuite> <!-- MobileAutomation.AppiumTest.AppiumBasicTest -->
