<?xml version="1.0" encoding="UTF-8"?>
<!-- Generated by org.testng.reporters.JUnitReportReporter -->
<testsuite hostname="QB-CLT-1553" failures="0" tests="1" name="MobileAutomation.AppiumTest.GuesturesTest" time="4.643" errors="0" timestamp="2022-12-15T09:17:20 IST" skipped="0">
  <testcase classname="MobileAutomation.AppiumTest.GuesturesTest" name="dragAndDropTest" time="4.643"/>
  <system-out/>
</testsuite> <!-- MobileAutomation.AppiumTest.GuesturesTest -->
